2017-03-17 22:20:29,542 [INFO] (MainThread) Loading HID driver...
2017-03-17 22:20:30,956 [INFO] (MainThread) Initiating HID driver...
2017-03-17 22:20:30,978 [WARNING] (MainThread) HID device does not exist, we will try SMBus directly...
2017-03-17 22:20:30,983 [INFO] (MainThread) Loading SMBus driver...
2017-03-17 22:20:31,693 [INFO] (MainThread) AltiTemp: 28.38 C  Press: 98144 Pa  Barometric height: 268.204760 m
2017-03-17 22:20:31,896 [INFO] (MainThread) SHTTemp: 28.34 C Humid: 35.3 
2017-03-17 22:20:31,906 [INFO] (MainThread) BatTemp: 30.25 C RemCap: 2649 mAh FullCap: 3287 mAh U: 7828 mV I: -517 mA Charge: 81.00 %
2017-03-17 22:20:31,908 [INFO] (MainThread) GPS TPV message: <dictwrapper: {u'device': u'/dev/ttyACM0', u'ept': 0.005, u'time': u'2017-03-17T22:19:22.000Z', u'class': u'TPV', u'mode': 1}>
2017-03-17 22:20:31,909 [INFO] (MainThread) GPS TPV message: <dictwrapper: {u'device': u'/dev/ttyACM0', u'ept': 0.005, u'time': u'2017-03-17T22:19:23.000Z', u'class': u'TPV', u'mode': 1}>
2017-03-17 22:20:32,629 [INFO] (MainThread) AltiTemp: 28.44 C  Press: 98148 Pa  Barometric height: 267.884388 m
2017-03-17 22:20:32,832 [INFO] (MainThread) SHTTemp: 28.34 C Humid: 35.3 
2017-03-17 22:20:32,843 [INFO] (MainThread) BatTemp: 30.25 C RemCap: 2649 mAh FullCap: 3287 mAh U: 7828 mV I: -517 mA Charge: 81.00 %
2017-03-17 22:20:32,844 [INFO] (MainThread) GPS TPV message: <dictwrapper: {u'device': u'/dev/ttyACM0', u'ept': 0.005, u'time': u'2017-03-17T22:19:24.000Z', u'class': u'TPV', u'mode': 1}>
2017-03-17 22:20:32,845 [INFO] (MainThread) ------------- SMS triggered. -----------------
2017-03-17 22:20:32,859 [INFO] (MainThread) Payload: 22-20-32A00268G00000F1C2649V7828 http://maps.google.com/?q=00.00000,00.00000
2017-03-17 22:20:33,570 [INFO] (MainThread) AltiTemp: 28.44 C  Press: 98150 Pa  Barometric height: 267.756242 m
2017-03-17 22:20:33,775 [INFO] (MainThread) SHTTemp: 28.35 C Humid: 35.3 
2017-03-17 22:20:33,785 [INFO] (MainThread) BatTemp: 30.25 C RemCap: 2649 mAh FullCap: 3287 mAh U: 7834 mV I: -532 mA Charge: 81.00 %
2017-03-17 22:20:33,786 [INFO] (MainThread) GPS TPV message: <dictwrapper: {u'device': u'/dev/ttyACM0', u'ept': 0.005, u'time': u'2017-03-17T22:19:25.000Z', u'class': u'TPV', u'mode': 1}>
2017-03-17 22:20:34,499 [INFO] (MainThread) AltiTemp: 28.44 C  Press: 98144 Pa  Barometric height: 268.268835 m
2017-03-17 22:20:34,702 [INFO] (MainThread) SHTTemp: 28.35 C Humid: 35.3 
2017-03-17 22:20:34,712 [INFO] (MainThread) BatTemp: 30.25 C RemCap: 2648 mAh FullCap: 3287 mAh U: 7822 mV I: -548 mA Charge: 81.00 %
2017-03-17 22:20:34,713 [INFO] (MainThread) GPS TPV message: <dictwrapper: {u'device': u'/dev/ttyACM0', u'ept': 0.005, u'time': u'2017-03-17T22:19:26.000Z', u'class': u'TPV', u'mode': 1}>
2017-03-17 22:20:35,424 [INFO] (MainThread) AltiTemp: 28.44 C  Press: 98148 Pa  Barometric height: 267.863030 m
2017-03-17 22:20:35,627 [INFO] (MainThread) SHTTemp: 28.35 C Humid: 35.3 
2017-03-17 22:20:35,637 [INFO] (MainThread) BatTemp: 30.25 C RemCap: 2648 mAh FullCap: 3287 mAh U: 7834 mV I: -562 mA Charge: 81.00 %
2017-03-17 22:20:35,638 [INFO] (MainThread) GPS TPV message: <dictwrapper: {u'device': u'/dev/ttyACM0', u'ept': 0.005, u'time': u'2017-03-17T22:19:27.000Z', u'class': u'TPV', u'mode': 1}>
2017-03-17 22:20:36,350 [INFO] (MainThread) AltiTemp: 28.44 C  Press: 98144 Pa  Barometric height: 268.204760 m
2017-03-17 22:20:36,553 [INFO] (MainThread) SHTTemp: 28.35 C Humid: 35.3 
2017-03-17 22:20:36,563 [INFO] (MainThread) BatTemp: 30.25 C RemCap: 2648 mAh FullCap: 3287 mAh U: 7834 mV I: -575 mA Charge: 81.00 %
2017-03-17 22:20:36,564 [INFO] (MainThread) GPS TPV message: <dictwrapper: {u'device': u'/dev/ttyACM0', u'ept': 0.005, u'time': u'2017-03-17T22:19:28.000Z', u'class': u'TPV', u'mode': 1}>
2017-03-17 22:20:37,276 [INFO] (MainThread) AltiTemp: 28.44 C  Press: 98144 Pa  Barometric height: 268.226118 m
2017-03-17 22:20:37,479 [INFO] (MainThread) SHTTemp: 28.35 C Humid: 35.3 
2017-03-17 22:20:37,489 [INFO] (MainThread) BatTemp: 30.25 C RemCap: 2648 mAh FullCap: 3287 mAh U: 7832 mV I: -587 mA Charge: 81.00 %
2017-03-17 22:20:38,200 [INFO] (MainThread) AltiTemp: 28.44 C  Press: 98148 Pa  Barometric height: 267.863030 m
2017-03-17 22:20:38,403 [INFO] (MainThread) SHTTemp: 28.37 C Humid: 35.2 
2017-03-17 22:20:38,414 [INFO] (MainThread) BatTemp: 30.25 C RemCap: 2648 mAh FullCap: 3287 mAh U: 7826 mV I: -599 mA Charge: 81.00 %
2017-03-17 22:20:38,415 [INFO] (MainThread) GPS TPV message: <dictwrapper: {u'device': u'/dev/ttyACM0', u'ept': 0.005, u'time': u'2017-03-17T22:19:29.000Z', u'class': u'TPV', u'mode': 1}>
2017-03-17 22:20:39,126 [INFO] (MainThread) AltiTemp: 28.44 C  Press: 98148 Pa  Barometric height: 267.927103 m
2017-03-17 22:20:39,329 [INFO] (MainThread) SHTTemp: 28.37 C Humid: 35.2 
2017-03-17 22:20:39,339 [INFO] (MainThread) BatTemp: 30.25 C RemCap: 2647 mAh FullCap: 3287 mAh U: 7832 mV I: -609 mA Charge: 81.00 %
2017-03-17 22:20:39,340 [INFO] (MainThread) GPS TPV message: <dictwrapper: {u'device': u'/dev/ttyACM0', u'ept': 0.005, u'time': u'2017-03-17T22:19:30.000Z', u'class': u'TPV', u'mode': 1}>
2017-03-17 22:20:40,052 [INFO] (MainThread) AltiTemp: 28.50 C  Press: 98148 Pa  Barometric height: 267.884388 m
2017-03-17 22:20:40,255 [INFO] (MainThread) SHTTemp: 28.37 C Humid: 35.2 
2017-03-17 22:20:40,265 [INFO] (MainThread) BatTemp: 30.25 C RemCap: 2647 mAh FullCap: 3287 mAh U: 7828 mV I: -621 mA Charge: 81.00 %
2017-03-17 22:20:40,266 [INFO] (MainThread) GPS TPV message: <dictwrapper: {u'device': u'/dev/ttyACM0', u'ept': 0.005, u'time': u'2017-03-17T22:19:31.000Z', u'class': u'TPV', u'mode': 1}>
2017-03-17 22:20:40,977 [INFO] (MainThread) AltiTemp: 28.50 C  Press: 98148 Pa  Barometric height: 267.927103 m
2017-03-17 22:20:41,181 [INFO] (MainThread) SHTTemp: 28.37 C Humid: 35.2 
2017-03-17 22:20:41,191 [INFO] (MainThread) BatTemp: 30.25 C RemCap: 2647 mAh FullCap: 3287 mAh U: 7820 mV I: -633 mA Charge: 81.00 %
2017-03-17 22:20:41,192 [INFO] (MainThread) GPS TPV message: <dictwrapper: {u'device': u'/dev/ttyACM0', u'ept': 0.005, u'time': u'2017-03-17T22:19:32.000Z', u'class': u'TPV', u'mode': 1}>
2017-03-17 22:20:41,903 [INFO] (MainThread) AltiTemp: 28.50 C  Press: 98146 Pa  Barometric height: 268.033893 m
2017-03-17 22:20:42,106 [INFO] (MainThread) SHTTemp: 28.38 C Humid: 35.2 
2017-03-17 22:20:42,116 [INFO] (MainThread) BatTemp: 30.25 C RemCap: 2647 mAh FullCap: 3287 mAh U: 7820 mV I: -644 mA Charge: 81.00 %
2017-03-17 22:20:42,117 [INFO] (MainThread) GPS TPV message: <dictwrapper: {u'device': u'/dev/ttyACM0', u'ept': 0.005, u'time': u'2017-03-17T22:19:33.000Z', u'class': u'TPV', u'mode': 1}>
2017-03-17 22:20:42,828 [INFO] (MainThread) AltiTemp: 28.44 C  Press: 98142 Pa  Barometric height: 268.439705 m
2017-03-17 22:20:43,031 [INFO] (MainThread) SHTTemp: 28.38 C Humid: 35.2 
2017-03-17 22:20:43,042 [INFO] (MainThread) BatTemp: 30.25 C RemCap: 2646 mAh FullCap: 3287 mAh U: 7824 mV I: -653 mA Charge: 81.00 %
2017-03-17 22:20:43,043 [INFO] (MainThread) GPS TPV message: <dictwrapper: {u'device': u'/dev/ttyACM0', u'ept': 0.005, u'time': u'2017-03-17T22:19:34.000Z', u'class': u'TPV', u'mode': 1}>
2017-03-17 22:20:43,754 [INFO] (MainThread) AltiTemp: 28.50 C  Press: 98146 Pa  Barometric height: 268.033893 m
2017-03-17 22:20:43,957 [INFO] (MainThread) SHTTemp: 28.38 C Humid: 35.2 
2017-03-17 22:20:43,967 [INFO] (MainThread) BatTemp: 30.25 C RemCap: 2646 mAh FullCap: 3287 mAh U: 7826 mV I: -660 mA Charge: 81.00 %
2017-03-17 22:20:43,968 [INFO] (MainThread) GPS TPV message: <dictwrapper: {u'device': u'/dev/ttyACM0', u'ept': 0.005, u'time': u'2017-03-17T22:19:35.000Z', u'class': u'TPV', u'mode': 1}>
2017-03-17 22:20:44,679 [INFO] (MainThread) AltiTemp: 28.44 C  Press: 98146 Pa  Barometric height: 268.097968 m
2017-03-17 22:20:44,883 [INFO] (MainThread) SHTTemp: 28.38 C Humid: 35.2 
2017-03-17 22:20:44,893 [INFO] (MainThread) BatTemp: 30.25 C RemCap: 2646 mAh FullCap: 3287 mAh U: 7826 mV I: -660 mA Charge: 81.00 %
2017-03-17 22:20:44,894 [INFO] (MainThread) GPS TPV message: <dictwrapper: {u'device': u'/dev/ttyACM0', u'ept': 0.005, u'time': u'2017-03-17T22:19:36.000Z', u'class': u'TPV', u'mode': 1}>
2017-03-17 22:20:45,607 [INFO] (MainThread) AltiTemp: 28.50 C  Press: 98144 Pa  Barometric height: 268.268835 m
2017-03-17 22:20:45,810 [INFO] (MainThread) SHTTemp: 28.38 C Humid: 35.2 
2017-03-17 22:20:45,820 [INFO] (MainThread) BatTemp: 30.35 C RemCap: 2646 mAh FullCap: 3287 mAh U: 7828 mV I: -666 mA Charge: 81.00 %
2017-03-17 22:20:45,821 [INFO] (MainThread) GPS TPV message: <dictwrapper: {u'device': u'/dev/ttyACM0', u'ept': 0.005, u'time': u'2017-03-17T22:19:37.000Z', u'class': u'TPV', u'mode': 1}>
2017-03-17 22:20:46,532 [INFO] (MainThread) AltiTemp: 28.50 C  Press: 98146 Pa  Barometric height: 268.076610 m
2017-03-17 22:20:46,735 [INFO] (MainThread) SHTTemp: 28.38 C Humid: 35.2 
2017-03-17 22:20:46,746 [INFO] (MainThread) BatTemp: 30.35 C RemCap: 2646 mAh FullCap: 3287 mAh U: 7828 mV I: -672 mA Charge: 81.00 %
2017-03-17 22:20:46,747 [INFO] (MainThread) GPS TPV message: <dictwrapper: {u'device': u'/dev/ttyACM0', u'ept': 0.005, u'time': u'2017-03-17T22:19:38.000Z', u'class': u'TPV', u'mode': 1}>
2017-03-17 22:20:47,458 [INFO] (MainThread) AltiTemp: 28.50 C  Press: 98144 Pa  Barometric height: 268.204760 m
2017-03-17 22:20:47,661 [INFO] (MainThread) SHTTemp: 28.39 C Humid: 35.2 
2017-03-17 22:20:47,672 [INFO] (MainThread) BatTemp: 30.35 C RemCap: 2646 mAh FullCap: 3287 mAh U: 7826 mV I: -677 mA Charge: 81.00 %
2017-03-17 22:20:47,673 [INFO] (MainThread) GPS TPV message: <dictwrapper: {u'device': u'/dev/ttyACM0', u'ept': 0.005, u'time': u'2017-03-17T22:19:39.000Z', u'class': u'TPV', u'mode': 1}>
2017-03-17 22:20:48,384 [INFO] (MainThread) AltiTemp: 28.50 C  Press: 98146 Pa  Barometric height: 268.076610 m
2017-03-17 22:20:48,587 [INFO] (MainThread) SHTTemp: 28.39 C Humid: 35.2 
2017-03-17 22:20:48,597 [INFO] (MainThread) BatTemp: 30.35 C RemCap: 2645 mAh FullCap: 3287 mAh U: 7826 mV I: -683 mA Charge: 81.00 %
2017-03-17 22:20:48,598 [INFO] (MainThread) GPS TPV message: <dictwrapper: {u'device': u'/dev/ttyACM0', u'ept': 0.005, u'time': u'2017-03-17T22:19:40.000Z', u'class': u'TPV', u'mode': 1}>
2017-03-17 22:20:49,309 [INFO] (MainThread) AltiTemp: 28.50 C  Press: 98150 Pa  Barometric height: 267.692169 m
2017-03-17 22:20:49,512 [INFO] (MainThread) SHTTemp: 28.39 C Humid: 35.2 
2017-03-17 22:20:49,524 [INFO] (MainThread) BatTemp: 30.35 C RemCap: 2645 mAh FullCap: 3287 mAh U: 7826 mV I: -688 mA Charge: 81.00 %
2017-03-17 22:20:49,525 [INFO] (MainThread) GPS TPV message: <dictwrapper: {u'device': u'/dev/ttyACM0', u'ept': 0.005, u'time': u'2017-03-17T22:19:41.000Z', u'class': u'TPV', u'mode': 1}>
2017-03-17 22:20:50,236 [INFO] (MainThread) AltiTemp: 28.50 C  Press: 98150 Pa  Barometric height: 267.734884 m
2017-03-17 22:20:50,439 [INFO] (MainThread) SHTTemp: 28.39 C Humid: 35.2 
2017-03-17 22:20:50,449 [INFO] (MainThread) BatTemp: 30.35 C RemCap: 2645 mAh FullCap: 3287 mAh U: 7826 mV I: -692 mA Charge: 81.00 %
2017-03-17 22:20:51,160 [INFO] (MainThread) AltiTemp: 28.50 C  Press: 98150 Pa  Barometric height: 267.756242 m
2017-03-17 22:20:51,363 [INFO] (MainThread) SHTTemp: 28.40 C Humid: 35.2 
2017-03-17 22:20:51,374 [INFO] (MainThread) BatTemp: 30.35 C RemCap: 2645 mAh FullCap: 3287 mAh U: 7826 mV I: -696 mA Charge: 81.00 %
2017-03-17 22:20:51,375 [INFO] (MainThread) GPS TPV message: <dictwrapper: {u'device': u'/dev/ttyACM0', u'ept': 0.005, u'time': u'2017-03-17T22:19:42.000Z', u'class': u'TPV', u'mode': 1}>
2017-03-17 22:20:52,086 [INFO] (MainThread) AltiTemp: 28.50 C  Press: 98146 Pa  Barometric height: 268.097968 m
2017-03-17 22:20:52,289 [INFO] (MainThread) SHTTemp: 28.40 C Humid: 35.2 
2017-03-17 22:20:52,299 [INFO] (MainThread) BatTemp: 30.35 C RemCap: 2645 mAh FullCap: 3287 mAh U: 7826 mV I: -700 mA Charge: 81.00 %
2017-03-17 22:20:52,300 [INFO] (MainThread) GPS TPV message: <dictwrapper: {u'device': u'/dev/ttyACM0', u'ept': 0.005, u'time': u'2017-03-17T22:19:43.000Z', u'class': u'TPV', u'mode': 1}>
2017-03-17 22:20:53,011 [INFO] (MainThread) AltiTemp: 28.50 C  Press: 98142 Pa  Barometric height: 268.375629 m
2017-03-17 22:20:53,214 [INFO] (MainThread) SHTTemp: 28.40 C Humid: 35.2 
2017-03-17 22:20:53,224 [INFO] (MainThread) BatTemp: 30.35 C RemCap: 2644 mAh FullCap: 3287 mAh U: 7824 mV I: -704 mA Charge: 81.00 %
2017-03-17 22:20:53,225 [INFO] (MainThread) GPS TPV message: <dictwrapper: {u'device': u'/dev/ttyACM0', u'ept': 0.005, u'time': u'2017-03-17T22:19:44.000Z', u'class': u'TPV', u'mode': 1}>
2017-03-17 22:20:53,936 [INFO] (MainThread) AltiTemp: 28.50 C  Press: 98148 Pa  Barometric height: 267.927103 m
2017-03-17 22:20:54,139 [INFO] (MainThread) SHTTemp: 28.40 C Humid: 35.2 
2017-03-17 22:20:54,150 [INFO] (MainThread) BatTemp: 30.35 C RemCap: 2644 mAh FullCap: 3287 mAh U: 7824 mV I: -707 mA Charge: 81.00 %
2017-03-17 22:20:54,151 [INFO] (MainThread) GPS TPV message: <dictwrapper: {u'device': u'/dev/ttyACM0', u'ept': 0.005, u'time': u'2017-03-17T22:19:45.000Z', u'class': u'TPV', u'mode': 1}>
2017-03-17 22:20:54,862 [INFO] (MainThread) AltiTemp: 28.50 C  Press: 98144 Pa  Barometric height: 268.268835 m
2017-03-17 22:20:55,065 [INFO] (MainThread) SHTTemp: 28.40 C Humid: 35.2 
2017-03-17 22:20:55,075 [INFO] (MainThread) BatTemp: 30.35 C RemCap: 2644 mAh FullCap: 3287 mAh U: 7822 mV I: -711 mA Charge: 81.00 %
2017-03-17 22:20:55,076 [INFO] (MainThread) GPS TPV message: <dictwrapper: {u'device': u'/dev/ttyACM0', u'ept': 0.005, u'time': u'2017-03-17T22:19:46.000Z', u'class': u'TPV', u'mode': 1}>
2017-03-17 22:20:55,787 [INFO] (MainThread) AltiTemp: 28.50 C  Press: 98148 Pa  Barometric height: 267.884388 m
2017-03-17 22:20:55,991 [INFO] (MainThread) SHTTemp: 28.40 C Humid: 35.2 
2017-03-17 22:20:56,001 [INFO] (MainThread) BatTemp: 30.35 C RemCap: 2644 mAh FullCap: 3287 mAh U: 7824 mV I: -714 mA Charge: 81.00 %
2017-03-17 22:20:56,003 [INFO] (MainThread) GPS TPV message: <dictwrapper: {u'device': u'/dev/ttyACM0', u'ept': 0.005, u'time': u'2017-03-17T22:19:47.000Z', u'class': u'TPV', u'mode': 1}>
2017-03-17 22:20:56,716 [INFO] (MainThread) AltiTemp: 28.50 C  Press: 98142 Pa  Barometric height: 268.418347 m
2017-03-17 22:20:56,919 [INFO] (MainThread) SHTTemp: 28.40 C Humid: 35.2 
2017-03-17 22:20:56,929 [INFO] (MainThread) BatTemp: 30.35 C RemCap: 2644 mAh FullCap: 3287 mAh U: 7824 mV I: -714 mA Charge: 81.00 %
2017-03-17 22:20:56,930 [INFO] (MainThread) GPS TPV message: <dictwrapper: {u'device': u'/dev/ttyACM0', u'ept': 0.005, u'time': u'2017-03-17T22:19:48.000Z', u'class': u'TPV', u'mode': 1}>
2017-03-17 22:20:57,641 [INFO] (MainThread) AltiTemp: 28.50 C  Press: 98144 Pa  Barometric height: 268.226118 m
2017-03-17 22:20:57,844 [INFO] (MainThread) SHTTemp: 28.41 C Humid: 35.2 
2017-03-17 22:20:57,854 [INFO] (MainThread) BatTemp: 30.35 C RemCap: 2644 mAh FullCap: 3287 mAh U: 7822 mV I: -718 mA Charge: 81.00 %
2017-03-17 22:20:57,855 [INFO] (MainThread) GPS TPV message: <dictwrapper: {u'device': u'/dev/ttyACM0', u'ept': 0.005, u'time': u'2017-03-17T22:19:49.000Z', u'class': u'TPV', u'mode': 1}>
2017-03-17 22:20:58,566 [INFO] (MainThread) AltiTemp: 28.50 C  Press: 98140 Pa  Barometric height: 268.567860 m
2017-03-17 22:20:58,769 [INFO] (MainThread) SHTTemp: 28.41 C Humid: 35.2 
2017-03-17 22:20:58,780 [INFO] (MainThread) BatTemp: 30.35 C RemCap: 2643 mAh FullCap: 3287 mAh U: 7824 mV I: -720 mA Charge: 81.00 %
2017-03-17 22:20:58,781 [INFO] (MainThread) GPS TPV message: <dictwrapper: {u'device': u'/dev/ttyACM0', u'ept': 0.005, u'time': u'2017-03-17T22:19:50.000Z', u'class': u'TPV', u'mode': 1}>
2017-03-17 22:20:59,492 [INFO] (MainThread) AltiTemp: 28.50 C  Press: 98146 Pa  Barometric height: 268.033893 m
2017-03-17 22:20:59,695 [INFO] (MainThread) SHTTemp: 28.41 C Humid: 35.2 
2017-03-17 22:20:59,705 [INFO] (MainThread) BatTemp: 30.35 C RemCap: 2643 mAh FullCap: 3287 mAh U: 7822 mV I: -723 mA Charge: 81.00 %
2017-03-17 22:20:59,706 [INFO] (MainThread) GPS TPV message: <dictwrapper: {u'device': u'/dev/ttyACM0', u'ept': 0.005, u'time': u'2017-03-17T22:19:51.000Z', u'class': u'TPV', u'mode': 1}>
2017-03-17 22:21:00,418 [INFO] (MainThread) AltiTemp: 28.56 C  Press: 98146 Pa  Barometric height: 268.076610 m
2017-03-17 22:21:00,621 [INFO] (MainThread) SHTTemp: 28.41 C Humid: 35.2 
2017-03-17 22:21:00,631 [INFO] (MainThread) BatTemp: 30.35 C RemCap: 2643 mAh FullCap: 3287 mAh U: 7822 mV I: -725 mA Charge: 81.00 %
2017-03-17 22:21:00,632 [INFO] (MainThread) GPS TPV message: <dictwrapper: {u'device': u'/dev/ttyACM0', u'ept': 0.005, u'time': u'2017-03-17T22:19:52.000Z', u'class': u'TPV', u'mode': 1}>
2017-03-17 22:21:01,343 [INFO] (MainThread) AltiTemp: 28.50 C  Press: 98144 Pa  Barometric height: 268.247477 m
2017-03-17 22:21:01,547 [INFO] (MainThread) SHTTemp: 28.41 C Humid: 35.2 
2017-03-17 22:21:01,557 [INFO] (MainThread) BatTemp: 30.35 C RemCap: 2643 mAh FullCap: 3287 mAh U: 7820 mV I: -727 mA Charge: 81.00 %
2017-03-17 22:21:01,557 [INFO] (MainThread) GPS TPV message: <dictwrapper: {u'device': u'/dev/ttyACM0', u'ept': 0.005, u'time': u'2017-03-17T22:19:53.000Z', u'class': u'TPV', u'mode': 1}>
2017-03-17 22:21:02,268 [INFO] (MainThread) AltiTemp: 28.50 C  Press: 98146 Pa  Barometric height: 268.033893 m
2017-03-17 22:21:02,472 [INFO] (MainThread) SHTTemp: 28.41 C Humid: 35.2 
2017-03-17 22:21:02,482 [INFO] (MainThread) BatTemp: 30.35 C RemCap: 2643 mAh FullCap: 3287 mAh U: 7822 mV I: -729 mA Charge: 81.00 %
2017-03-17 22:21:03,193 [INFO] (MainThread) AltiTemp: 28.56 C  Press: 98150 Pa  Barometric height: 267.756242 m
2017-03-17 22:21:03,396 [INFO] (MainThread) SHTTemp: 28.42 C Humid: 35.2 
2017-03-17 22:21:03,406 [INFO] (MainThread) BatTemp: 30.35 C RemCap: 2642 mAh FullCap: 3287 mAh U: 7822 mV I: -731 mA Charge: 81.00 %
2017-03-17 22:21:03,408 [INFO] (MainThread) GPS TPV message: <dictwrapper: {u'device': u'/dev/ttyACM0', u'ept': 0.005, u'time': u'2017-03-17T22:19:54.000Z', u'class': u'TPV', u'mode': 1}>
2017-03-17 22:21:04,119 [INFO] (MainThread) AltiTemp: 28.56 C  Press: 98148 Pa  Barometric height: 267.863030 m
2017-03-17 22:21:04,322 [INFO] (MainThread) SHTTemp: 28.42 C Humid: 35.2 
2017-03-17 22:21:04,332 [INFO] (MainThread) BatTemp: 30.35 C RemCap: 2642 mAh FullCap: 3287 mAh U: 7824 mV I: -733 mA Charge: 81.00 %
2017-03-17 22:21:04,333 [INFO] (MainThread) GPS TPV message: <dictwrapper: {u'device': u'/dev/ttyACM0', u'ept': 0.005, u'time': u'2017-03-17T22:19:55.000Z', u'class': u'TPV', u'mode': 1}>
2017-03-17 22:21:05,044 [INFO] (MainThread) AltiTemp: 28.50 C  Press: 98140 Pa  Barometric height: 268.567860 m
2017-03-17 22:21:05,247 [INFO] (MainThread) SHTTemp: 28.42 C Humid: 35.2 
2017-03-17 22:21:05,257 [INFO] (MainThread) BatTemp: 30.35 C RemCap: 2642 mAh FullCap: 3287 mAh U: 7820 mV I: -734 mA Charge: 81.00 %
2017-03-17 22:21:05,258 [INFO] (MainThread) GPS TPV message: <dictwrapper: {u'device': u'/dev/ttyACM0', u'ept': 0.005, u'time': u'2017-03-17T22:19:56.000Z', u'class': u'TPV', u'mode': 1}>
2017-03-17 22:21:05,969 [INFO] (MainThread) AltiTemp: 28.56 C  Press: 98146 Pa  Barometric height: 268.055252 m
2017-03-17 22:21:06,173 [INFO] (MainThread) SHTTemp: 28.42 C Humid: 35.2 
2017-03-17 22:21:06,183 [INFO] (MainThread) BatTemp: 30.35 C RemCap: 2642 mAh FullCap: 3287 mAh U: 7820 mV I: -736 mA Charge: 81.00 %
2017-03-17 22:21:06,184 [INFO] (MainThread) GPS TPV message: <dictwrapper: {u'device': u'/dev/ttyACM0', u'ept': 0.005, u'time': u'2017-03-17T22:19:57.000Z', u'class': u'TPV', u'mode': 1}>
2017-03-17 22:21:06,895 [INFO] (MainThread) AltiTemp: 28.56 C  Press: 98142 Pa  Barometric height: 268.375629 m
2017-03-17 22:21:07,099 [INFO] (MainThread) SHTTemp: 28.42 C Humid: 35.2 
2017-03-17 22:21:07,110 [INFO] (MainThread) BatTemp: 30.35 C RemCap: 2641 mAh FullCap: 3287 mAh U: 7820 mV I: -738 mA Charge: 81.00 %
2017-03-17 22:21:07,112 [INFO] (MainThread) GPS TPV message: <dictwrapper: {u'device': u'/dev/ttyACM0', u'ept': 0.005, u'time': u'2017-03-17T22:19:58.000Z', u'class': u'TPV', u'mode': 1}>
2017-03-17 22:21:07,823 [INFO] (MainThread) AltiTemp: 28.56 C  Press: 98146 Pa  Barometric height: 268.097968 m
2017-03-17 22:21:08,027 [INFO] (MainThread) SHTTemp: 28.42 C Humid: 35.2 
2017-03-17 22:21:08,037 [INFO] (MainThread) BatTemp: 30.35 C RemCap: 2641 mAh FullCap: 3287 mAh U: 7810 mV I: -742 mA Charge: 81.00 %
2017-03-17 22:21:08,038 [INFO] (MainThread) GPS TPV message: <dictwrapper: {u'device': u'/dev/ttyACM0', u'ept': 0.005, u'time': u'2017-03-17T22:19:59.000Z', u'class': u'TPV', u'mode': 1}>
2017-03-17 22:21:08,749 [INFO] (MainThread) AltiTemp: 28.56 C  Press: 98144 Pa  Barometric height: 268.247477 m
2017-03-17 22:21:08,953 [INFO] (MainThread) SHTTemp: 28.43 C Humid: 35.2 
2017-03-17 22:21:08,963 [INFO] (MainThread) BatTemp: 30.35 C RemCap: 2641 mAh FullCap: 3287 mAh U: 7818 mV I: -743 mA Charge: 81.00 %
2017-03-17 22:21:08,964 [INFO] (MainThread) GPS TPV message: <dictwrapper: {u'device': u'/dev/ttyACM0', u'ept': 0.005, u'time': u'2017-03-17T22:20:00.000Z', u'class': u'TPV', u'mode': 1}>
2017-03-17 22:21:09,675 [INFO] (MainThread) AltiTemp: 28.56 C  Press: 98142 Pa  Barometric height: 268.375629 m
2017-03-17 22:21:10,034 [INFO] (MainThread) SHTTemp: 28.43 C Humid: 35.2 
2017-03-17 22:21:10,045 [INFO] (MainThread) BatTemp: 30.35 C RemCap: 2641 mAh FullCap: 3287 mAh U: 7822 mV I: -744 mA Charge: 81.00 %
2017-03-17 22:21:10,046 [INFO] (MainThread) GPS TPV message: <dictwrapper: {u'device': u'/dev/ttyACM0', u'ept': 0.005, u'time': u'2017-03-17T22:20:01.000Z', u'class': u'TPV', u'mode': 1}>
2017-03-17 22:21:10,756 [INFO] (MainThread) AltiTemp: 28.56 C  Press: 98146 Pa  Barometric height: 268.097968 m
2017-03-17 22:21:10,960 [INFO] (MainThread) SHTTemp: 28.43 C Humid: 35.2 
2017-03-17 22:21:10,969 [INFO] (MainThread) BatTemp: 30.35 C RemCap: 2641 mAh FullCap: 3287 mAh U: 7818 mV I: -745 mA Charge: 81.00 %
2017-03-17 22:21:10,970 [INFO] (MainThread) GPS TPV message: <dictwrapper: {u'device': u'/dev/ttyACM0', u'ept': 0.005, u'time': u'2017-03-17T22:20:02.000Z', u'class': u'TPV', u'mode': 1}>
2017-03-17 22:21:11,682 [INFO] (MainThread) AltiTemp: 28.56 C  Press: 98144 Pa  Barometric height: 268.247477 m
2017-03-17 22:21:11,885 [INFO] (MainThread) SHTTemp: 28.43 C Humid: 35.2 
2017-03-17 22:21:11,895 [INFO] (MainThread) BatTemp: 30.35 C RemCap: 2641 mAh FullCap: 3287 mAh U: 7818 mV I: -745 mA Charge: 81.00 %
2017-03-17 22:21:11,896 [INFO] (MainThread) GPS TPV message: <dictwrapper: {u'device': u'/dev/ttyACM0', u'ept': 0.005, u'time': u'2017-03-17T22:20:03.000Z', u'class': u'TPV', u'mode': 1}>
2017-03-17 22:21:12,607 [INFO] (MainThread) AltiTemp: 28.56 C  Press: 98144 Pa  Barometric height: 268.226118 m
2017-03-17 22:21:12,810 [INFO] (MainThread) SHTTemp: 28.43 C Humid: 35.2 
2017-03-17 22:21:12,820 [INFO] (MainThread) BatTemp: 30.35 C RemCap: 2640 mAh FullCap: 3287 mAh U: 7820 mV I: -746 mA Charge: 81.00 %
2017-03-17 22:21:12,821 [INFO] (MainThread) GPS TPV message: <dictwrapper: {u'device': u'/dev/ttyACM0', u'ept': 0.005, u'time': u'2017-03-17T22:20:04.000Z', u'class': u'TPV', u'mode': 1}>
2017-03-17 22:21:13,532 [INFO] (MainThread) AltiTemp: 28.56 C  Press: 98144 Pa  Barometric height: 268.226118 m
2017-03-17 22:21:13,735 [INFO] (MainThread) SHTTemp: 28.44 C Humid: 35.2 
2017-03-17 22:21:13,745 [INFO] (MainThread) BatTemp: 30.45 C RemCap: 2640 mAh FullCap: 3287 mAh U: 7816 mV I: -748 mA Charge: 81.00 %
2017-03-17 22:21:13,746 [INFO] (MainThread) GPS TPV message: <dictwrapper: {u'device': u'/dev/ttyACM0', u'ept': 0.005, u'time': u'2017-03-17T22:20:05.000Z', u'class': u'TPV', u'mode': 1}>
2017-03-17 22:21:14,457 [INFO] (MainThread) AltiTemp: 28.56 C  Press: 98142 Pa  Barometric height: 268.375629 m
2017-03-17 22:21:14,660 [INFO] (MainThread) SHTTemp: 28.44 C Humid: 35.2 
2017-03-17 22:21:14,671 [INFO] (MainThread) BatTemp: 30.45 C RemCap: 2640 mAh FullCap: 3287 mAh U: 7818 mV I: -749 mA Charge: 81.00 %
2017-03-17 22:21:14,672 [INFO] (MainThread) GPS TPV message: <dictwrapper: {u'device': u'/dev/ttyACM0', u'ept': 0.005, u'time': u'2017-03-17T22:20:06.000Z', u'class': u'TPV', u'mode': 1}>
2017-03-17 22:21:15,385 [INFO] (MainThread) AltiTemp: 28.56 C  Press: 98148 Pa  Barometric height: 267.905746 m
2017-03-17 22:21:15,588 [INFO] (MainThread) SHTTemp: 28.44 C Humid: 35.2 
2017-03-17 22:21:15,598 [INFO] (MainThread) BatTemp: 30.45 C RemCap: 2640 mAh FullCap: 3287 mAh U: 7812 mV I: -750 mA Charge: 81.00 %
2017-03-17 22:21:15,599 [INFO] (MainThread) GPS TPV message: <dictwrapper: {u'device': u'/dev/ttyACM0', u'ept': 0.005, u'time': u'2017-03-17T22:20:07.000Z', u'class': u'TPV', u'mode': 1}>
2017-03-17 22:21:16,310 [INFO] (MainThread) AltiTemp: 28.56 C  Press: 98142 Pa  Barometric height: 268.375629 m
2017-03-17 22:21:16,513 [INFO] (MainThread) SHTTemp: 28.44 C Humid: 35.2 
2017-03-17 22:21:16,523 [INFO] (MainThread) BatTemp: 30.45 C RemCap: 2640 mAh FullCap: 3287 mAh U: 7818 mV I: -750 mA Charge: 81.00 %
2017-03-17 22:21:16,526 [INFO] (MainThread) GPS TPV message: <dictwrapper: {u'device': u'/dev/ttyACM0', u'ept': 0.005, u'time': u'2017-03-17T22:20:08.000Z', u'class': u'TPV', u'mode': 1}>
2017-03-17 22:21:17,237 [INFO] (MainThread) AltiTemp: 28.56 C  Press: 98146 Pa  Barometric height: 268.033893 m
2017-03-17 22:21:17,440 [INFO] (MainThread) SHTTemp: 28.44 C Humid: 35.2 
2017-03-17 22:21:17,450 [INFO] (MainThread) BatTemp: 30.45 C RemCap: 2639 mAh FullCap: 3287 mAh U: 7818 mV I: -751 mA Charge: 81.00 %
2017-03-17 22:21:18,161 [INFO] (MainThread) AltiTemp: 28.56 C  Press: 98142 Pa  Barometric height: 268.396988 m
2017-03-17 22:21:18,364 [INFO] (MainThread) SHTTemp: 28.45 C Humid: 35.2 
2017-03-17 22:21:18,374 [INFO] (MainThread) BatTemp: 30.45 C RemCap: 2639 mAh FullCap: 3287 mAh U: 7818 mV I: -752 mA Charge: 81.00 %
2017-03-17 22:21:18,375 [INFO] (MainThread) GPS TPV message: <dictwrapper: {u'device': u'/dev/ttyACM0', u'ept': 0.005, u'time': u'2017-03-17T22:20:09.000Z', u'class': u'TPV', u'mode': 1}>
2017-03-17 22:21:19,086 [INFO] (MainThread) AltiTemp: 28.56 C  Press: 98146 Pa  Barometric height: 268.097968 m
2017-03-17 22:21:19,290 [INFO] (MainThread) SHTTemp: 28.44 C Humid: 35.2 
2017-03-17 22:21:19,299 [INFO] (MainThread) BatTemp: 30.45 C RemCap: 2639 mAh FullCap: 3287 mAh U: 7816 mV I: -752 mA Charge: 81.00 %
2017-03-17 22:21:19,300 [INFO] (MainThread) GPS TPV message: <dictwrapper: {u'device': u'/dev/ttyACM0', u'ept': 0.005, u'time': u'2017-03-17T22:20:10.000Z', u'class': u'TPV', u'mode': 1}>
2017-03-17 22:21:20,012 [INFO] (MainThread) AltiTemp: 28.56 C  Press: 98142 Pa  Barometric height: 268.439705 m
2017-03-17 22:21:20,215 [INFO] (MainThread) SHTTemp: 28.45 C Humid: 35.2 
2017-03-17 22:21:20,225 [INFO] (MainThread) BatTemp: 30.45 C RemCap: 2639 mAh FullCap: 3287 mAh U: 7816 mV I: -753 mA Charge: 81.00 %
2017-03-17 22:21:20,226 [INFO] (MainThread) GPS TPV message: <dictwrapper: {u'device': u'/dev/ttyACM0', u'ept': 0.005, u'time': u'2017-03-17T22:20:11.000Z', u'class': u'TPV', u'mode': 1}>
2017-03-17 22:21:20,937 [INFO] (MainThread) AltiTemp: 28.56 C  Press: 98146 Pa  Barometric height: 268.055252 m
2017-03-17 22:21:21,140 [INFO] (MainThread) SHTTemp: 28.45 C Humid: 35.2 
2017-03-17 22:21:21,150 [INFO] (MainThread) BatTemp: 30.45 C RemCap: 2639 mAh FullCap: 3287 mAh U: 7816 mV I: -753 mA Charge: 81.00 %
2017-03-17 22:21:21,151 [INFO] (MainThread) GPS TPV message: <dictwrapper: {u'device': u'/dev/ttyACM0', u'ept': 0.005, u'time': u'2017-03-17T22:20:12.000Z', u'class': u'TPV', u'mode': 1}>
2017-03-17 22:21:21,862 [INFO] (MainThread) AltiTemp: 28.56 C  Press: 98142 Pa  Barometric height: 268.375629 m
2017-03-17 22:21:22,065 [INFO] (MainThread) SHTTemp: 28.45 C Humid: 35.2 
2017-03-17 22:21:22,075 [INFO] (MainThread) BatTemp: 30.45 C RemCap: 2638 mAh FullCap: 3287 mAh U: 7820 mV I: -753 mA Charge: 81.00 %
2017-03-17 22:21:22,076 [INFO] (MainThread) GPS TPV message: <dictwrapper: {u'device': u'/dev/ttyACM0', u'ept': 0.005, u'time': u'2017-03-17T22:20:13.000Z', u'class': u'TPV', u'mode': 1}>
2017-03-17 22:21:22,787 [INFO] (MainThread) AltiTemp: 28.56 C  Press: 98146 Pa  Barometric height: 268.097968 m
2017-03-17 22:21:22,990 [INFO] (MainThread) SHTTemp: 28.45 C Humid: 35.2 
2017-03-17 22:21:23,000 [INFO] (MainThread) BatTemp: 30.45 C RemCap: 2638 mAh FullCap: 3287 mAh U: 7816 mV I: -754 mA Charge: 81.00 %
2017-03-17 22:21:23,001 [INFO] (MainThread) GPS TPV message: <dictwrapper: {u'device': u'/dev/ttyACM0', u'ept': 0.005, u'time': u'2017-03-17T22:20:14.000Z', u'class': u'TPV', u'mode': 1}>
2017-03-17 22:21:23,713 [INFO] (MainThread) AltiTemp: 28.56 C  Press: 98144 Pa  Barometric height: 268.226118 m
2017-03-17 22:21:23,916 [INFO] (MainThread) SHTTemp: 28.46 C Humid: 35.2 
2017-03-17 22:21:23,926 [INFO] (MainThread) BatTemp: 30.45 C RemCap: 2638 mAh FullCap: 3287 mAh U: 7816 mV I: -754 mA Charge: 81.00 %
2017-03-17 22:21:23,927 [INFO] (MainThread) GPS TPV message: <dictwrapper: {u'device': u'/dev/ttyACM0', u'ept': 0.005, u'time': u'2017-03-17T22:20:15.000Z', u'class': u'TPV', u'mode': 1}>
2017-03-17 22:21:24,638 [INFO] (MainThread) AltiTemp: 28.56 C  Press: 98144 Pa  Barometric height: 268.226118 m
2017-03-17 22:21:24,841 [INFO] (MainThread) SHTTemp: 28.46 C Humid: 35.2 
2017-03-17 22:21:24,851 [INFO] (MainThread) BatTemp: 30.45 C RemCap: 2638 mAh FullCap: 3287 mAh U: 7816 mV I: -754 mA Charge: 81.00 %
2017-03-17 22:21:24,852 [INFO] (MainThread) GPS TPV message: <dictwrapper: {u'device': u'/dev/ttyACM0', u'ept': 0.005, u'time': u'2017-03-17T22:20:16.000Z', u'class': u'TPV', u'mode': 1}>
2017-03-17 22:21:25,563 [INFO] (MainThread) AltiTemp: 28.56 C  Press: 98144 Pa  Barometric height: 268.204760 m
2017-03-17 22:21:25,766 [INFO] (MainThread) SHTTemp: 28.46 C Humid: 35.2 
2017-03-17 22:21:25,776 [INFO] (MainThread) BatTemp: 30.45 C RemCap: 2638 mAh FullCap: 3287 mAh U: 7816 mV I: -754 mA Charge: 81.00 %
2017-03-17 22:21:25,777 [INFO] (MainThread) GPS TPV message: <dictwrapper: {u'device': u'/dev/ttyACM0', u'ept': 0.005, u'time': u'2017-03-17T22:20:17.000Z', u'class': u'TPV', u'mode': 1}>
2017-03-17 22:21:26,488 [INFO] (MainThread) AltiTemp: 28.56 C  Press: 98146 Pa  Barometric height: 268.097968 m
2017-03-17 22:21:26,691 [INFO] (MainThread) SHTTemp: 28.46 C Humid: 35.2 
2017-03-17 22:21:26,701 [INFO] (MainThread) BatTemp: 30.45 C RemCap: 2637 mAh FullCap: 3287 mAh U: 7816 mV I: -755 mA Charge: 81.00 %
2017-03-17 22:21:26,702 [INFO] (MainThread) GPS TPV message: <dictwrapper: {u'device': u'/dev/ttyACM0', u'ept': 0.005, u'time': u'2017-03-17T22:20:18.000Z', u'class': u'TPV', u'mode': 1}>
2017-03-17 22:21:27,413 [INFO] (MainThread) AltiTemp: 28.62 C  Press: 98146 Pa  Barometric height: 268.097968 m
2017-03-17 22:21:27,616 [INFO] (MainThread) SHTTemp: 28.46 C Humid: 35.2 
2017-03-17 22:21:27,626 [INFO] (MainThread) BatTemp: 30.45 C RemCap: 2637 mAh FullCap: 3287 mAh U: 7816 mV I: -756 mA Charge: 81.00 %
2017-03-17 22:21:27,627 [INFO] (MainThread) GPS TPV message: <dictwrapper: {u'device': u'/dev/ttyACM0', u'ept': 0.005, u'time': u'2017-03-17T22:20:19.000Z', u'class': u'TPV', u'mode': 1}>
2017-03-17 22:21:28,338 [INFO] (MainThread) AltiTemp: 28.56 C  Press: 98142 Pa  Barometric height: 268.375629 m
2017-03-17 22:21:28,541 [INFO] (MainThread) SHTTemp: 28.47 C Humid: 35.2 
2017-03-17 22:21:28,551 [INFO] (MainThread) BatTemp: 30.45 C RemCap: 2637 mAh FullCap: 3287 mAh U: 7814 mV I: -756 mA Charge: 81.00 %
2017-03-17 22:21:28,552 [INFO] (MainThread) GPS TPV message: <dictwrapper: {u'device': u'/dev/ttyACM0', u'ept': 0.005, u'time': u'2017-03-17T22:20:20.000Z', u'class': u'TPV', u'mode': 1}>
2017-03-17 22:21:29,263 [INFO] (MainThread) AltiTemp: 28.56 C  Press: 98146 Pa  Barometric height: 268.055252 m
2017-03-17 22:21:29,467 [INFO] (MainThread) SHTTemp: 28.47 C Humid: 35.2 
2017-03-17 22:21:29,477 [INFO] (MainThread) BatTemp: 30.45 C RemCap: 2637 mAh FullCap: 3287 mAh U: 7816 mV I: -756 mA Charge: 81.00 %
2017-03-17 22:21:30,189 [INFO] (MainThread) AltiTemp: 28.62 C  Press: 98146 Pa  Barometric height: 268.076610 m
2017-03-17 22:21:30,392 [INFO] (MainThread) SHTTemp: 28.47 C Humid: 35.2 
2017-03-17 22:21:30,402 [INFO] (MainThread) BatTemp: 30.45 C RemCap: 2637 mAh FullCap: 3287 mAh U: 7814 mV I: -757 mA Charge: 81.00 %
2017-03-17 22:21:30,403 [INFO] (MainThread) GPS TPV message: <dictwrapper: {u'device': u'/dev/ttyACM0', u'ept': 0.005, u'time': u'2017-03-17T22:20:21.000Z', u'class': u'TPV', u'mode': 1}>
2017-03-17 22:21:31,114 [INFO] (MainThread) AltiTemp: 28.62 C  Press: 98146 Pa  Barometric height: 268.076610 m
2017-03-17 22:21:31,317 [INFO] (MainThread) SHTTemp: 28.47 C Humid: 35.2 
2017-03-17 22:21:31,327 [INFO] (MainThread) BatTemp: 30.45 C RemCap: 2636 mAh FullCap: 3287 mAh U: 7814 mV I: -757 mA Charge: 81.00 %
2017-03-17 22:21:31,328 [INFO] (MainThread) GPS TPV message: <dictwrapper: {u'device': u'/dev/ttyACM0', u'ept': 0.005, u'time': u'2017-03-17T22:20:22.000Z', u'class': u'TPV', u'mode': 1}>
2017-03-17 22:21:32,039 [INFO] (MainThread) AltiTemp: 28.62 C  Press: 98144 Pa  Barometric height: 268.247477 m
2017-03-17 22:21:32,242 [INFO] (MainThread) SHTTemp: 28.47 C Humid: 35.2 
2017-03-17 22:21:32,252 [INFO] (MainThread) BatTemp: 30.45 C RemCap: 2636 mAh FullCap: 3287 mAh U: 7814 mV I: -757 mA Charge: 81.00 %
2017-03-17 22:21:32,253 [INFO] (MainThread) GPS TPV message: <dictwrapper: {u'device': u'/dev/ttyACM0', u'ept': 0.005, u'time': u'2017-03-17T22:20:23.000Z', u'class': u'TPV', u'mode': 1}>
2017-03-17 22:21:32,964 [INFO] (MainThread) AltiTemp: 28.62 C  Press: 98144 Pa  Barometric height: 268.268835 m
2017-03-17 22:21:33,167 [INFO] (MainThread) SHTTemp: 28.47 C Humid: 35.2 
2017-03-17 22:21:33,177 [INFO] (MainThread) BatTemp: 30.45 C RemCap: 2636 mAh FullCap: 3287 mAh U: 7814 mV I: -758 mA Charge: 81.00 %
2017-03-17 22:21:33,178 [INFO] (MainThread) GPS TPV message: <dictwrapper: {u'device': u'/dev/ttyACM0', u'ept': 0.005, u'time': u'2017-03-17T22:20:24.000Z', u'class': u'TPV', u'mode': 1}>
2017-03-17 22:21:33,889 [INFO] (MainThread) AltiTemp: 28.62 C  Press: 98146 Pa  Barometric height: 268.076610 m
2017-03-17 22:21:34,092 [INFO] (MainThread) SHTTemp: 28.48 C Humid: 35.2 
2017-03-17 22:21:34,102 [INFO] (MainThread) BatTemp: 30.45 C RemCap: 2636 mAh FullCap: 3287 mAh U: 7814 mV I: -758 mA Charge: 81.00 %
2017-03-17 22:21:34,103 [INFO] (MainThread) GPS TPV message: <dictwrapper: {u'device': u'/dev/ttyACM0', u'ept': 0.005, u'time': u'2017-03-17T22:20:25.000Z', u'class': u'TPV', u'mode': 1}>
2017-03-17 22:21:34,814 [INFO] (MainThread) AltiTemp: 28.62 C  Press: 98144 Pa  Barometric height: 268.204760 m
2017-03-17 22:21:35,018 [INFO] (MainThread) SHTTemp: 28.48 C Humid: 35.2 
2017-03-17 22:21:35,027 [INFO] (MainThread) BatTemp: 30.45 C RemCap: 2636 mAh FullCap: 3287 mAh U: 7816 mV I: -757 mA Charge: 81.00 %
2017-03-17 22:21:35,028 [INFO] (MainThread) GPS TPV message: <dictwrapper: {u'device': u'/dev/ttyACM0', u'ept': 0.005, u'time': u'2017-03-17T22:20:26.000Z', u'class': u'TPV', u'mode': 1}>
2017-03-17 22:21:35,740 [INFO] (MainThread) AltiTemp: 28.62 C  Press: 98144 Pa  Barometric height: 268.204760 m
2017-03-17 22:21:35,943 [INFO] (MainThread) SHTTemp: 28.48 C Humid: 35.2 
2017-03-17 22:21:35,953 [INFO] (MainThread) BatTemp: 30.45 C RemCap: 2636 mAh FullCap: 3287 mAh U: 7816 mV I: -757 mA Charge: 81.00 %
2017-03-17 22:21:35,954 [INFO] (MainThread) GPS TPV message: <dictwrapper: {u'device': u'/dev/ttyACM0', u'ept': 0.005, u'time': u'2017-03-17T22:20:27.000Z', u'class': u'TPV', u'mode': 1}>
2017-03-17 22:21:36,665 [INFO] (MainThread) AltiTemp: 28.62 C  Press: 98146 Pa  Barometric height: 268.033893 m
2017-03-17 22:21:36,868 [INFO] (MainThread) SHTTemp: 28.48 C Humid: 35.2 
2017-03-17 22:21:36,878 [INFO] (MainThread) BatTemp: 30.45 C RemCap: 2635 mAh FullCap: 3287 mAh U: 7812 mV I: -757 mA Charge: 81.00 %
2017-03-17 22:21:36,879 [INFO] (MainThread) GPS TPV message: <dictwrapper: {u'device': u'/dev/ttyACM0', u'ept': 0.005, u'time': u'2017-03-17T22:20:28.000Z', u'class': u'TPV', u'mode': 1}>
2017-03-17 22:21:37,590 [INFO] (MainThread) AltiTemp: 28.62 C  Press: 98146 Pa  Barometric height: 268.033893 m
2017-03-17 22:21:37,793 [INFO] (MainThread) SHTTemp: 28.48 C Humid: 35.2 
2017-03-17 22:21:37,803 [INFO] (MainThread) BatTemp: 30.45 C RemCap: 2635 mAh FullCap: 3287 mAh U: 7814 mV I: -757 mA Charge: 81.00 %
2017-03-17 22:21:37,804 [INFO] (MainThread) GPS TPV message: <dictwrapper: {u'device': u'/dev/ttyACM0', u'ept': 0.005, u'time': u'2017-03-17T22:20:29.000Z', u'class': u'TPV', u'mode': 1}>
2017-03-17 22:21:38,516 [INFO] (MainThread) AltiTemp: 28.62 C  Press: 98146 Pa  Barometric height: 268.076610 m
2017-03-17 22:21:38,720 [INFO] (MainThread) SHTTemp: 28.49 C Humid: 35.2 
2017-03-17 22:21:38,729 [INFO] (MainThread) BatTemp: 30.45 C RemCap: 2635 mAh FullCap: 3287 mAh U: 7804 mV I: -760 mA Charge: 81.00 %
2017-03-17 22:21:38,730 [INFO] (MainThread) GPS TPV message: <dictwrapper: {u'device': u'/dev/ttyACM0', u'ept': 0.005, u'time': u'2017-03-17T22:20:30.000Z', u'class': u'TPV', u'mode': 1}>
2017-03-17 22:21:39,442 [INFO] (MainThread) AltiTemp: 28.62 C  Press: 98146 Pa  Barometric height: 268.097968 m
2017-03-17 22:21:39,645 [INFO] (MainThread) SHTTemp: 28.49 C Humid: 35.2 
2017-03-17 22:21:39,655 [INFO] (MainThread) BatTemp: 30.55 C RemCap: 2635 mAh FullCap: 3287 mAh U: 7812 mV I: -760 mA Charge: 81.00 %
2017-03-17 22:21:39,656 [INFO] (MainThread) GPS TPV message: <dictwrapper: {u'device': u'/dev/ttyACM0', u'ept': 0.005, u'time': u'2017-03-17T22:20:31.000Z', u'class': u'TPV', u'mode': 1}>
2017-03-17 22:21:40,367 [INFO] (MainThread) AltiTemp: 28.62 C  Press: 98146 Pa  Barometric height: 268.097968 m
2017-03-17 22:21:40,570 [INFO] (MainThread) SHTTemp: 28.49 C Humid: 35.2 
2017-03-17 22:21:40,580 [INFO] (MainThread) BatTemp: 30.55 C RemCap: 2635 mAh FullCap: 3287 mAh U: 7812 mV I: -760 mA Charge: 81.00 %
2017-03-17 22:21:40,583 [INFO] (MainThread) GPS TPV message: <dictwrapper: {u'device': u'/dev/ttyACM0', u'ept': 0.005, u'time': u'2017-03-17T22:20:32.000Z', u'class': u'TPV', u'mode': 1}>
2017-03-17 22:21:41,295 [INFO] (MainThread) AltiTemp: 28.62 C  Press: 98148 Pa  Barometric height: 267.884388 m
2017-03-17 22:21:41,498 [INFO] (MainThread) SHTTemp: 28.49 C Humid: 35.2 
2017-03-17 22:21:41,508 [INFO] (MainThread) BatTemp: 30.55 C RemCap: 2634 mAh FullCap: 3287 mAh U: 7814 mV I: -760 mA Charge: 81.00 %
2017-03-17 22:21:42,221 [INFO] (MainThread) AltiTemp: 28.62 C  Press: 98148 Pa  Barometric height: 267.905746 m
2017-03-17 22:21:42,424 [INFO] (MainThread) SHTTemp: 28.49 C Humid: 35.2 
2017-03-17 22:21:42,434 [INFO] (MainThread) BatTemp: 30.55 C RemCap: 2634 mAh FullCap: 3287 mAh U: 7812 mV I: -760 mA Charge: 81.00 %
2017-03-17 22:21:42,435 [INFO] (MainThread) GPS TPV message: <dictwrapper: {u'device': u'/dev/ttyACM0', u'ept': 0.005, u'time': u'2017-03-17T22:20:33.000Z', u'class': u'TPV', u'mode': 1}>
2017-03-17 22:21:43,146 [INFO] (MainThread) AltiTemp: 28.62 C  Press: 98148 Pa  Barometric height: 267.905746 m
2017-03-17 22:21:43,349 [INFO] (MainThread) SHTTemp: 28.50 C Humid: 35.2 
2017-03-17 22:21:43,359 [INFO] (MainThread) BatTemp: 30.55 C RemCap: 2634 mAh FullCap: 3287 mAh U: 7812 mV I: -760 mA Charge: 81.00 %
2017-03-17 22:21:43,360 [INFO] (MainThread) GPS TPV message: <dictwrapper: {u'device': u'/dev/ttyACM0', u'ept': 0.005, u'time': u'2017-03-17T22:20:34.000Z', u'class': u'TPV', u'mode': 1}>
2017-03-17 22:21:44,071 [INFO] (MainThread) AltiTemp: 28.62 C  Press: 98148 Pa  Barometric height: 267.884388 m
2017-03-17 22:21:44,275 [INFO] (MainThread) SHTTemp: 28.50 C Humid: 35.2 
2017-03-17 22:21:44,285 [INFO] (MainThread) BatTemp: 30.55 C RemCap: 2634 mAh FullCap: 3287 mAh U: 7812 mV I: -760 mA Charge: 81.00 %
2017-03-17 22:21:44,286 [INFO] (MainThread) GPS TPV message: <dictwrapper: {u'device': u'/dev/ttyACM0', u'ept': 0.005, u'time': u'2017-03-17T22:20:35.000Z', u'class': u'TPV', u'mode': 1}>
2017-03-17 22:21:44,997 [INFO] (MainThread) AltiTemp: 28.62 C  Press: 98146 Pa  Barometric height: 268.033893 m
2017-03-17 22:21:45,200 [INFO] (MainThread) SHTTemp: 28.50 C Humid: 35.2 
2017-03-17 22:21:45,210 [INFO] (MainThread) BatTemp: 30.55 C RemCap: 2633 mAh FullCap: 3287 mAh U: 7812 mV I: -760 mA Charge: 81.00 %
2017-03-17 22:21:45,211 [INFO] (MainThread) GPS TPV message: <dictwrapper: {u'device': u'/dev/ttyACM0', u'ept': 0.005, u'time': u'2017-03-17T22:20:36.000Z', u'class': u'TPV', u'mode': 1}>
2017-03-17 22:21:45,922 [INFO] (MainThread) AltiTemp: 28.62 C  Press: 98144 Pa  Barometric height: 268.204760 m
2017-03-17 22:21:46,125 [INFO] (MainThread) SHTTemp: 28.50 C Humid: 35.2 
2017-03-17 22:21:46,135 [INFO] (MainThread) BatTemp: 30.55 C RemCap: 2633 mAh FullCap: 3287 mAh U: 7812 mV I: -760 mA Charge: 81.00 %
2017-03-17 22:21:46,136 [INFO] (MainThread) GPS TPV message: <dictwrapper: {u'device': u'/dev/ttyACM0', u'ept': 0.005, u'time': u'2017-03-17T22:20:37.000Z', u'class': u'TPV', u'mode': 1}>
2017-03-17 22:21:46,848 [INFO] (MainThread) AltiTemp: 28.62 C  Press: 98144 Pa  Barometric height: 268.226118 m
2017-03-17 22:21:47,051 [INFO] (MainThread) SHTTemp: 28.50 C Humid: 35.2 
2017-03-17 22:21:47,061 [INFO] (MainTh