
ROM used: 493 (6%)
          493 (6%) including unused fragments

          1 Average locations per line
          4 Average locations per statement

RAM used: 19 (5%) at main() level
          22 (6%) worst case

Stack used: 3 worst case (out of 8 total available)

Lines Stmts  %   Files
----- ----- ---  -----
  287   113 100  main.c
   20     0   0  main.h
  423     0   0  ..\..\..\..\..\Program Files (x86)\PICC\devices\16F887.h
----- -----
  730   113 Total

Page ROM  %  RAM   Vol Diff  Functions:
---- --- --- ---   --- ----  ----------
0     20   4   1             @delay_ms1
0     41   8   1   270  3.7  TIMER1_isr
0      7   1   0    38  1.4  TIMER0_isr
0    369  75   0  2438  4.4  MAIN

Program metrics:
    Functions               3
    Statements              113
    Comments                137
    Volume (V)              3055
    Difficilty (D)          10.1
    Effort to implement (E) 30812
    Time to implement (T)   29 minutes
    Est Delivered Bugs (B)  0
    Cyclomatic Complexity   13
    Maintainability (MI)    32

 Segment     Used  Free
-----------  ----  ----
00000-00003     4  0  
00004-00037    52  0  
00038-007FF   437  1555  
00800-00FFF     0  2048  
01000-017FF     0  2048  
01800-01FFF     0  2048  



